2015-08-27 21:22:39 EDT [127671]: [1-1] user=,db=,app=,client= LOG:  database system was shut down at 2015-08-27 21:22:38 EDT
2015-08-27 21:22:39 EDT [127671]: [2-1] user=,db=,app=,client= LOG:  MultiXact member wraparound protections are now enabled
2015-08-27 21:22:39 EDT [127670]: [1-1] user=,db=,app=,client= LOG:  database system is ready to accept connections
2015-08-27 21:22:39 EDT [127675]: [1-1] user=,db=,app=,client= LOG:  autovacuum launcher started
2015-08-27 21:22:57 EDT [127672]: [1-1] user=,db=,app=,client= LOG:  checkpoints are occurring too frequently (18 seconds apart)
2015-08-27 21:22:57 EDT [127672]: [2-1] user=,db=,app=,client= HINT:  Consider increasing the configuration parameter "max_wal_size".
2015-08-27 21:22:57 EDT [127672]: [3-1] user=,db=,app=,client= LOG:  checkpoint starting: xlog
2015-08-27 21:23:02 EDT [127672]: [4-1] user=,db=,app=,client= LOG:  checkpoint complete: wrote 54440 buffers (5.2%); 0 transaction log file(s) added, 0 removed, 0 recycled; write=3.906 s, sync=0.525 s, total=4.446 s; sync files=61, longest=0.021 s, average=0.008 s; distance=401883 kB, estimate=401883 kB
2015-08-27 21:23:05 EDT [127672]: [5-1] user=,db=,app=,client= LOG:  checkpoints are occurring too frequently (8 seconds apart)
2015-08-27 21:23:05 EDT [127672]: [6-1] user=,db=,app=,client= HINT:  Consider increasing the configuration parameter "max_wal_size".
2015-08-27 21:23:05 EDT [127672]: [7-1] user=,db=,app=,client= LOG:  checkpoint starting: xlog
2015-08-27 21:23:10 EDT [127672]: [8-1] user=,db=,app=,client= LOG:  checkpoint complete: wrote 56338 buffers (5.4%); 0 transaction log file(s) added, 25 removed, 0 recycled; write=3.832 s, sync=0.537 s, total=4.378 s; sync files=59, longest=0.020 s, average=0.009 s; distance=417412 kB, estimate=417412 kB
2015-08-27 21:23:13 EDT [127672]: [9-1] user=,db=,app=,client= LOG:  checkpoints are occurring too frequently (8 seconds apart)
2015-08-27 21:23:13 EDT [127672]: [10-1] user=,db=,app=,client= HINT:  Consider increasing the configuration parameter "max_wal_size".
2015-08-27 21:23:13 EDT [127672]: [11-1] user=,db=,app=,client= LOG:  checkpoint starting: xlog
2015-08-27 21:23:18 EDT [127672]: [12-1] user=,db=,app=,client= LOG:  checkpoint complete: wrote 55144 buffers (5.3%); 0 transaction log file(s) added, 25 removed, 0 recycled; write=3.908 s, sync=0.535 s, total=4.447 s; sync files=63, longest=0.025 s, average=0.008 s; distance=408386 kB, estimate=416509 kB
2015-08-27 21:23:21 EDT [127672]: [13-1] user=,db=,app=,client= LOG:  checkpoints are occurring too frequently (8 seconds apart)
2015-08-27 21:23:21 EDT [127672]: [14-1] user=,db=,app=,client= HINT:  Consider increasing the configuration parameter "max_wal_size".
2015-08-27 21:23:21 EDT [127672]: [15-1] user=,db=,app=,client= LOG:  checkpoint starting: xlog
2015-08-27 21:23:26 EDT [127672]: [16-1] user=,db=,app=,client= LOG:  checkpoint complete: wrote 54450 buffers (5.2%); 0 transaction log file(s) added, 25 removed, 0 recycled; write=3.770 s, sync=0.521 s, total=4.302 s; sync files=59, longest=0.024 s, average=0.008 s; distance=403489 kB, estimate=415207 kB
2015-08-27 21:23:29 EDT [127672]: [17-1] user=,db=,app=,client= LOG:  checkpoints are occurring too frequently (8 seconds apart)
2015-08-27 21:23:29 EDT [127672]: [18-1] user=,db=,app=,client= HINT:  Consider increasing the configuration parameter "max_wal_size".
2015-08-27 21:23:29 EDT [127672]: [19-1] user=,db=,app=,client= LOG:  checkpoint starting: xlog
2015-08-27 21:23:33 EDT [127672]: [20-1] user=,db=,app=,client= LOG:  checkpoint complete: wrote 55862 buffers (5.3%); 0 transaction log file(s) added, 25 removed, 0 recycled; write=3.696 s, sync=0.544 s, total=4.247 s; sync files=61, longest=0.022 s, average=0.008 s; distance=413686 kB, estimate=415055 kB
2015-08-27 21:23:37 EDT [127672]: [21-1] user=,db=,app=,client= LOG:  checkpoints are occurring too frequently (8 seconds apart)
2015-08-27 21:23:37 EDT [127672]: [22-1] user=,db=,app=,client= HINT:  Consider increasing the configuration parameter "max_wal_size".
2015-08-27 21:23:37 EDT [127672]: [23-1] user=,db=,app=,client= LOG:  checkpoint starting: xlog
2015-08-27 21:23:41 EDT [127672]: [24-1] user=,db=,app=,client= LOG:  checkpoint complete: wrote 54434 buffers (5.2%); 0 transaction log file(s) added, 25 removed, 0 recycled; write=3.622 s, sync=0.540 s, total=4.175 s; sync files=61, longest=0.022 s, average=0.008 s; distance=403213 kB, estimate=413871 kB
2015-08-27 21:23:45 EDT [127672]: [25-1] user=,db=,app=,client= LOG:  checkpoints are occurring too frequently (8 seconds apart)
2015-08-27 21:23:45 EDT [127672]: [26-1] user=,db=,app=,client= HINT:  Consider increasing the configuration parameter "max_wal_size".
2015-08-27 21:23:45 EDT [127672]: [27-1] user=,db=,app=,client= LOG:  checkpoint starting: xlog
2015-08-27 21:23:49 EDT [127672]: [28-1] user=,db=,app=,client= LOG:  checkpoint complete: wrote 55423 buffers (5.3%); 0 transaction log file(s) added, 25 removed, 0 recycled; write=3.615 s, sync=0.536 s, total=4.166 s; sync files=61, longest=0.022 s, average=0.008 s; distance=410681 kB, estimate=413552 kB
2015-08-27 21:23:52 EDT [127672]: [29-1] user=,db=,app=,client= LOG:  checkpoints are occurring too frequently (7 seconds apart)
2015-08-27 21:23:52 EDT [127672]: [30-1] user=,db=,app=,client= HINT:  Consider increasing the configuration parameter "max_wal_size".
2015-08-27 21:23:52 EDT [127672]: [31-1] user=,db=,app=,client= LOG:  checkpoint starting: xlog
2015-08-27 21:23:56 EDT [127672]: [32-1] user=,db=,app=,client= LOG:  checkpoint complete: wrote 56485 buffers (5.4%); 0 transaction log file(s) added, 25 removed, 0 recycled; write=3.554 s, sync=0.556 s, total=4.118 s; sync files=59, longest=0.021 s, average=0.009 s; distance=418557 kB, estimate=418557 kB
2015-08-27 21:24:00 EDT [127672]: [33-1] user=,db=,app=,client= LOG:  checkpoints are occurring too frequently (8 seconds apart)
2015-08-27 21:24:00 EDT [127672]: [34-1] user=,db=,app=,client= HINT:  Consider increasing the configuration parameter "max_wal_size".
2015-08-27 21:24:00 EDT [127672]: [35-1] user=,db=,app=,client= LOG:  checkpoint starting: xlog
2015-08-27 21:24:03 EDT [127672]: [36-1] user=,db=,app=,client= LOG:  checkpoint complete: wrote 54185 buffers (5.2%); 0 transaction log file(s) added, 25 removed, 0 recycled; write=3.670 s, sync=0.086 s, total=3.775 s; sync files=58, longest=0.004 s, average=0.001 s; distance=401612 kB, estimate=416862 kB
2015-08-27 21:24:07 EDT [127672]: [37-1] user=,db=,app=,client= LOG:  checkpoints are occurring too frequently (7 seconds apart)
2015-08-27 21:24:07 EDT [127672]: [38-1] user=,db=,app=,client= HINT:  Consider increasing the configuration parameter "max_wal_size".
2015-08-27 21:24:07 EDT [127672]: [39-1] user=,db=,app=,client= LOG:  checkpoint starting: xlog
2015-08-27 21:24:10 EDT [127672]: [40-1] user=,db=,app=,client= LOG:  checkpoint complete: wrote 56055 buffers (5.3%); 0 transaction log file(s) added, 25 removed, 0 recycled; write=3.239 s, sync=0.532 s, total=3.784 s; sync files=58, longest=0.021 s, average=0.009 s; distance=415576 kB, estimate=416733 kB
2015-08-27 21:24:13 EDT [127672]: [41-1] user=,db=,app=,client= LOG:  checkpoints are occurring too frequently (6 seconds apart)
2015-08-27 21:24:13 EDT [127672]: [42-1] user=,db=,app=,client= HINT:  Consider increasing the configuration parameter "max_wal_size".
2015-08-27 21:24:13 EDT [127672]: [43-1] user=,db=,app=,client= LOG:  checkpoint starting: xlog
2015-08-27 21:24:17 EDT [127672]: [44-1] user=,db=,app=,client= LOG:  checkpoint complete: wrote 55370 buffers (5.3%); 0 transaction log file(s) added, 25 removed, 0 recycled; write=3.132 s, sync=0.552 s, total=3.691 s; sync files=55, longest=0.022 s, average=0.010 s; distance=410472 kB, estimate=416107 kB
2015-08-27 21:24:20 EDT [127672]: [45-1] user=,db=,app=,client= LOG:  checkpoints are occurring too frequently (7 seconds apart)
2015-08-27 21:24:20 EDT [127672]: [46-1] user=,db=,app=,client= HINT:  Consider increasing the configuration parameter "max_wal_size".
2015-08-27 21:24:20 EDT [127672]: [47-1] user=,db=,app=,client= LOG:  checkpoint starting: xlog
2015-08-27 21:24:23 EDT [127672]: [48-1] user=,db=,app=,client= LOG:  checkpoint complete: wrote 54921 buffers (5.2%); 0 transaction log file(s) added, 25 removed, 0 recycled; write=2.918 s, sync=0.541 s, total=3.466 s; sync files=50, longest=0.022 s, average=0.010 s; distance=407691 kB, estimate=415266 kB
2015-08-27 21:24:26 EDT [127672]: [49-1] user=,db=,app=,client= LOG:  checkpoints are occurring too frequently (6 seconds apart)
2015-08-27 21:24:26 EDT [127672]: [50-1] user=,db=,app=,client= HINT:  Consider increasing the configuration parameter "max_wal_size".
2015-08-27 21:24:26 EDT [127672]: [51-1] user=,db=,app=,client= LOG:  checkpoint starting: xlog
2015-08-27 21:24:29 EDT [127672]: [52-1] user=,db=,app=,client= LOG:  checkpoint complete: wrote 55786 buffers (5.3%); 0 transaction log file(s) added, 25 removed, 0 recycled; write=2.937 s, sync=0.548 s, total=3.493 s; sync files=50, longest=0.023 s, average=0.010 s; distance=414163 kB, estimate=415155 kB
2015-08-27 21:24:32 EDT [127672]: [53-1] user=,db=,app=,client= LOG:  checkpoints are occurring too frequently (6 seconds apart)
2015-08-27 21:24:32 EDT [127672]: [54-1] user=,db=,app=,client= HINT:  Consider increasing the configuration parameter "max_wal_size".
2015-08-27 21:24:32 EDT [127672]: [55-1] user=,db=,app=,client= LOG:  checkpoint starting: xlog
2015-08-27 21:24:35 EDT [127672]: [56-1] user=,db=,app=,client= LOG:  checkpoint complete: wrote 55090 buffers (5.3%); 0 transaction log file(s) added, 25 removed, 0 recycled; write=2.909 s, sync=0.334 s, total=3.252 s; sync files=50, longest=0.016 s, average=0.006 s; distance=408845 kB, estimate=414524 kB
2015-08-27 21:24:38 EDT [127672]: [57-1] user=,db=,app=,client= LOG:  checkpoints are occurring too frequently (6 seconds apart)
2015-08-27 21:24:38 EDT [127672]: [58-1] user=,db=,app=,client= HINT:  Consider increasing the configuration parameter "max_wal_size".
2015-08-27 21:24:38 EDT [127672]: [59-1] user=,db=,app=,client= LOG:  checkpoint starting: xlog
2015-08-27 21:24:41 EDT [127672]: [60-1] user=,db=,app=,client= LOG:  checkpoint complete: wrote 54520 buffers (5.2%); 0 transaction log file(s) added, 25 removed, 0 recycled; write=2.738 s, sync=0.508 s, total=3.254 s; sync files=50, longest=0.020 s, average=0.010 s; distance=404925 kB, estimate=413564 kB
2015-08-27 21:24:44 EDT [127672]: [61-1] user=,db=,app=,client= LOG:  checkpoints are occurring too frequently (6 seconds apart)
2015-08-27 21:24:44 EDT [127672]: [62-1] user=,db=,app=,client= HINT:  Consider increasing the configuration parameter "max_wal_size".
2015-08-27 21:24:44 EDT [127672]: [63-1] user=,db=,app=,client= LOG:  checkpoint starting: xlog
2015-08-27 21:24:47 EDT [127672]: [64-1] user=,db=,app=,client= LOG:  checkpoint complete: wrote 54646 buffers (5.2%); 0 transaction log file(s) added, 25 removed, 0 recycled; write=2.688 s, sync=0.492 s, total=3.201 s; sync files=50, longest=0.018 s, average=0.009 s; distance=405593 kB, estimate=412767 kB
2015-08-27 21:24:50 EDT [127672]: [65-1] user=,db=,app=,client= LOG:  checkpoints are occurring too frequently (6 seconds apart)
2015-08-27 21:24:50 EDT [127672]: [66-1] user=,db=,app=,client= HINT:  Consider increasing the configuration parameter "max_wal_size".
2015-08-27 21:24:50 EDT [127672]: [67-1] user=,db=,app=,client= LOG:  checkpoint starting: xlog
2015-08-27 21:24:53 EDT [127672]: [68-1] user=,db=,app=,client= LOG:  checkpoint complete: wrote 55881 buffers (5.3%); 0 transaction log file(s) added, 25 removed, 0 recycled; write=2.702 s, sync=0.529 s, total=3.243 s; sync files=50, longest=0.029 s, average=0.010 s; distance=414509 kB, estimate=414509 kB
2015-08-27 21:24:55 EDT [127672]: [69-1] user=,db=,app=,client= LOG:  checkpoints are occurring too frequently (5 seconds apart)
2015-08-27 21:24:55 EDT [127672]: [70-1] user=,db=,app=,client= HINT:  Consider increasing the configuration parameter "max_wal_size".
2015-08-27 21:24:55 EDT [127672]: [71-1] user=,db=,app=,client= LOG:  checkpoint starting: xlog
2015-08-27 21:24:58 EDT [127672]: [72-1] user=,db=,app=,client= LOG:  checkpoint complete: wrote 55619 buffers (5.3%); 0 transaction log file(s) added, 25 removed, 0 recycled; write=2.576 s, sync=0.515 s, total=3.108 s; sync files=50, longest=0.020 s, average=0.010 s; distance=413319 kB, estimate=414390 kB
2015-08-27 21:25:01 EDT [127672]: [73-1] user=,db=,app=,client= LOG:  checkpoints are occurring too frequently (6 seconds apart)
2015-08-27 21:25:01 EDT [127672]: [74-1] user=,db=,app=,client= HINT:  Consider increasing the configuration parameter "max_wal_size".
2015-08-27 21:25:01 EDT [127672]: [75-1] user=,db=,app=,client= LOG:  checkpoint starting: xlog
2015-08-27 21:25:03 EDT [127672]: [76-1] user=,db=,app=,client= LOG:  checkpoint complete: wrote 55503 buffers (5.3%); 0 transaction log file(s) added, 25 removed, 0 recycled; write=2.357 s, sync=0.508 s, total=2.873 s; sync files=50, longest=0.028 s, average=0.010 s; distance=411747 kB, estimate=414126 kB
2015-08-27 21:25:06 EDT [127672]: [77-1] user=,db=,app=,client= LOG:  checkpoints are occurring too frequently (5 seconds apart)
2015-08-27 21:25:06 EDT [127672]: [78-1] user=,db=,app=,client= HINT:  Consider increasing the configuration parameter "max_wal_size".
2015-08-27 21:25:06 EDT [127672]: [79-1] user=,db=,app=,client= LOG:  checkpoint starting: xlog
2015-08-27 21:25:08 EDT [127672]: [80-1] user=,db=,app=,client= LOG:  checkpoint complete: wrote 54935 buffers (5.2%); 0 transaction log file(s) added, 25 removed, 0 recycled; write=2.267 s, sync=0.526 s, total=2.800 s; sync files=50, longest=0.021 s, average=0.010 s; distance=407748 kB, estimate=413488 kB
2015-08-27 21:25:10 EDT [127672]: [81-1] user=,db=,app=,client= LOG:  checkpoints are occurring too frequently (4 seconds apart)
2015-08-27 21:25:10 EDT [127672]: [82-1] user=,db=,app=,client= HINT:  Consider increasing the configuration parameter "max_wal_size".
2015-08-27 21:25:10 EDT [127672]: [83-1] user=,db=,app=,client= LOG:  checkpoint starting: xlog
2015-08-27 21:25:13 EDT [127672]: [84-1] user=,db=,app=,client= LOG:  checkpoint complete: wrote 54413 buffers (5.2%); 0 transaction log file(s) added, 25 removed, 0 recycled; write=2.133 s, sync=0.525 s, total=2.678 s; sync files=50, longest=0.020 s, average=0.010 s; distance=404272 kB, estimate=412566 kB
2015-08-27 21:25:15 EDT [127672]: [85-1] user=,db=,app=,client= LOG:  checkpoints are occurring too frequently (5 seconds apart)
2015-08-27 21:25:15 EDT [127672]: [86-1] user=,db=,app=,client= HINT:  Consider increasing the configuration parameter "max_wal_size".
2015-08-27 21:25:15 EDT [127672]: [87-1] user=,db=,app=,client= LOG:  checkpoint starting: xlog
2015-08-27 21:27:11 EDT [127672]: [88-1] user=,db=,app=,client= LOG:  checkpoint complete: wrote 43907 buffers (4.2%); 0 transaction log file(s) added, 25 removed, 0 recycled; write=116.353 s, sync=0.031 s, total=116.389 s; sync files=84, longest=0.002 s, average=0.000 s; distance=419986 kB, estimate=419986 kB
2015-08-27 21:30:15 EDT [127672]: [89-1] user=,db=,app=,client= LOG:  checkpoint starting: time
2015-08-27 21:30:16 EDT [127672]: [90-1] user=,db=,app=,client= LOG:  checkpoint complete: wrote 6 buffers (0.0%); 0 transaction log file(s) added, 26 removed, 0 recycled; write=0.517 s, sync=0.014 s, total=0.536 s; sync files=44, longest=0.002 s, average=0.000 s; distance=155048 kB, estimate=393492 kB
2015-08-27 21:40:15 EDT [127672]: [91-1] user=,db=,app=,client= LOG:  checkpoint starting: time
2015-08-27 21:40:15 EDT [127672]: [92-1] user=,db=,app=,client= LOG:  checkpoint complete: wrote 0 buffers (0.0%); 0 transaction log file(s) added, 9 removed, 0 recycled; write=0.011 s, sync=0.057 s, total=0.072 s; sync files=85, longest=0.006 s, average=0.000 s; distance=1 kB, estimate=354143 kB
2015-08-27 21:45:15 EDT [127672]: [93-1] user=,db=,app=,client= LOG:  checkpoint starting: time
2015-08-27 21:45:15 EDT [127672]: [94-1] user=,db=,app=,client= LOG:  checkpoint complete: wrote 1 buffers (0.0%); 0 transaction log file(s) added, 0 removed, 0 recycled; write=0.015 s, sync=0.000 s, total=0.019 s; sync files=1, longest=0.000 s, average=0.000 s; distance=1 kB, estimate=318729 kB
2015-08-27 21:55:15 EDT [127672]: [95-1] user=,db=,app=,client= LOG:  checkpoint starting: time
2015-08-27 21:55:15 EDT [127672]: [96-1] user=,db=,app=,client= LOG:  checkpoint complete: wrote 0 buffers (0.0%); 0 transaction log file(s) added, 0 removed, 0 recycled; write=0.011 s, sync=0.004 s, total=0.018 s; sync files=20, longest=0.000 s, average=0.000 s; distance=1 kB, estimate=286856 kB
2015-08-27 21:57:08 EDT [130245]: [1-1] user=mark,db=dbt3,app=psql,client=[local] ERROR:  invalid memory alloc request size 2147483648
2015-08-27 21:57:08 EDT [130245]: [2-1] user=mark,db=dbt3,app=psql,client=[local] STATEMENT:  select
		s_name,
		count(*) as numwait
	from
		supplier,
		lineitem l1,
		orders,
		nation
	where
		s_suppkey = l1.l_suppkey
		and o_orderkey = l1.l_orderkey
		and o_orderstatus = 'F'
		and l1.l_receiptdate > l1.l_commitdate
		and exists (
			select
				*
			from
				lineitem l2
			where
				l2.l_orderkey = l1.l_orderkey
				and l2.l_suppkey <> l1.l_suppkey
		)
		and not exists (
			select
				*
			from
				lineitem l3
			where
				l3.l_orderkey = l1.l_orderkey
				and l3.l_suppkey <> l1.l_suppkey
				and l3.l_receiptdate > l3.l_commitdate
		)
		and s_nationkey = n_nationkey
		and n_name = 'EGYPT'
	group by
		s_name
	order by
		numwait desc,
		s_name
	LIMIT 100;
2015-08-27 22:00:16 EDT [127672]: [97-1] user=,db=,app=,client= LOG:  checkpoint starting: time
2015-08-27 22:00:16 EDT [127672]: [98-1] user=,db=,app=,client= LOG:  checkpoint complete: wrote 1 buffers (0.0%); 0 transaction log file(s) added, 0 removed, 0 recycled; write=0.016 s, sync=0.000 s, total=0.019 s; sync files=1, longest=0.000 s, average=0.000 s; distance=1 kB, estimate=258171 kB
2015-08-27 22:04:19 EDT [130788]: [1-1] user=mark,db=dbt3,app=psql,client=[local] ERROR:  invalid memory alloc request size 2147483648
2015-08-27 22:04:19 EDT [130788]: [2-1] user=mark,db=dbt3,app=psql,client=[local] STATEMENT:  select
		cntrycode,
		count(*) as numcust,
		sum(c_acctbal) as totacctbal
	from
		(
			select
				substr(c_phone, 1, 2) as cntrycode,
				c_acctbal
			from
				customer
			where
				substr(c_phone, 1, 2) in
					('18', '15', '19', '11', '25', '32', '34')
				and c_acctbal > (
					select
						avg(c_acctbal)
					from
						customer
					where
						c_acctbal > 0.00
						and substr(c_phone, 1, 2) in
							('18', '15', '19', '11', '25', '32', '34')
				)
				and not exists (
					select
						*
					from
						orders
					where
						o_custkey = c_custkey
				)
		) as vip
	group by
		cntrycode
	order by
		cntrycode;
2015-08-27 22:05:16 EDT [127672]: [99-1] user=,db=,app=,client= LOG:  checkpoint starting: time
2015-08-27 22:05:16 EDT [127672]: [100-1] user=,db=,app=,client= LOG:  checkpoint complete: wrote 1 buffers (0.0%); 0 transaction log file(s) added, 0 removed, 0 recycled; write=0.014 s, sync=0.000 s, total=0.018 s; sync files=1, longest=0.000 s, average=0.000 s; distance=2 kB, estimate=232354 kB
2015-08-27 22:10:16 EDT [127672]: [101-1] user=,db=,app=,client= LOG:  checkpoint starting: time
2015-08-27 22:10:16 EDT [127672]: [102-1] user=,db=,app=,client= LOG:  checkpoint complete: wrote 3 buffers (0.0%); 0 transaction log file(s) added, 0 removed, 0 recycled; write=0.214 s, sync=0.006 s, total=0.224 s; sync files=18, longest=0.000 s, average=0.000 s; distance=112 kB, estimate=209130 kB
2015-08-27 22:15:16 EDT [127672]: [103-1] user=,db=,app=,client= LOG:  checkpoint starting: time
2015-08-27 22:15:17 EDT [127672]: [104-1] user=,db=,app=,client= LOG:  checkpoint complete: wrote 6 buffers (0.0%); 0 transaction log file(s) added, 0 removed, 0 recycled; write=0.517 s, sync=0.012 s, total=0.531 s; sync files=6, longest=0.009 s, average=0.002 s; distance=26 kB, estimate=188219 kB
2015-08-27 22:30:16 EDT [127672]: [105-1] user=,db=,app=,client= LOG:  checkpoint starting: time
2015-08-27 22:30:16 EDT [127672]: [106-1] user=,db=,app=,client= LOG:  checkpoint complete: wrote 0 buffers (0.0%); 0 transaction log file(s) added, 0 removed, 0 recycled; write=0.010 s, sync=0.000 s, total=0.014 s; sync files=1, longest=0.000 s, average=0.000 s; distance=2 kB, estimate=169398 kB
2015-08-27 22:35:16 EDT [127672]: [107-1] user=,db=,app=,client= LOG:  checkpoint starting: time
2015-08-27 22:35:16 EDT [127672]: [108-1] user=,db=,app=,client= LOG:  checkpoint complete: wrote 0 buffers (0.0%); 0 transaction log file(s) added, 0 removed, 0 recycled; write=0.010 s, sync=0.000 s, total=0.013 s; sync files=1, longest=0.000 s, average=0.000 s; distance=2 kB, estimate=152458 kB
2015-08-27 22:40:16 EDT [127672]: [109-1] user=,db=,app=,client= LOG:  checkpoint starting: time
2015-08-27 22:40:16 EDT [127672]: [110-1] user=,db=,app=,client= LOG:  checkpoint complete: wrote 0 buffers (0.0%); 0 transaction log file(s) added, 0 removed, 0 recycled; write=0.010 s, sync=0.000 s, total=0.013 s; sync files=1, longest=0.000 s, average=0.000 s; distance=2 kB, estimate=137212 kB
2015-08-27 22:50:16 EDT [127672]: [111-1] user=,db=,app=,client= LOG:  checkpoint starting: time
2015-08-27 22:51:43 EDT [127670]: [2-1] user=,db=,app=,client= LOG:  received fast shutdown request
2015-08-27 22:51:43 EDT [127670]: [3-1] user=,db=,app=,client= LOG:  aborting any active transactions
2015-08-27 22:51:43 EDT [127675]: [2-1] user=,db=,app=,client= LOG:  autovacuum launcher shutting down
2015-08-27 22:51:43 EDT [127672]: [112-1] user=,db=,app=,client= LOG:  checkpoint complete: wrote 10678 buffers (1.0%); 0 transaction log file(s) added, 0 removed, 0 recycled; write=86.261 s, sync=0.042 s, total=86.305 s; sync files=25, longest=0.037 s, average=0.001 s; distance=117885 kB, estimate=135280 kB
2015-08-27 22:51:43 EDT [127672]: [113-1] user=,db=,app=,client= LOG:  shutting down
2015-08-27 22:51:43 EDT [127672]: [114-1] user=,db=,app=,client= LOG:  checkpoint starting: shutdown immediate
2015-08-27 22:51:43 EDT [127672]: [115-1] user=,db=,app=,client= LOG:  checkpoint complete: wrote 2546 buffers (0.2%); 0 transaction log file(s) added, 7 removed, 0 recycled; write=0.028 s, sync=0.019 s, total=0.050 s; sync files=9, longest=0.016 s, average=0.002 s; distance=28503 kB, estimate=124602 kB
2015-08-27 22:51:43 EDT [127672]: [116-1] user=,db=,app=,client= LOG:  database system is shut down
